c:\users\versus\desktop\tools\unitytool\meshcreator\binaries\dll\bin-int\release\vc141.pdb
c:\users\versus\desktop\tools\unitytool\meshcreator\binaries\dll\bin-int\release\.netframework,version=v4.0.assemblyattributes.obj
c:\users\versus\desktop\tools\unitytool\meshcreator\binaries\dll\bin-int\release\.netframework,version=v4.0.assemblyattributes.asm
c:\users\versus\desktop\tools\unitytool\meshcreator\binaries\dll\bin-int\release\mesh_creator_controller.obj
c:\users\versus\desktop\tools\unitytool\meshcreator\binaries\dll\bin\release\meshcreator_vs-2017.dll
c:\users\versus\desktop\tools\unitytool\meshcreator\binaries\dll\bin\release\meshcreator_vs-2017.pdb
c:\users\versus\desktop\tools\unitytool\meshcreator\binaries\dll\bin\release\meshcreator_vs-2017.lib
c:\users\versus\desktop\tools\unitytool\meshcreator\binaries\dll\bin\release\meshcreator_vs-2017.exp
c:\users\versus\desktop\tools\unitytool\meshcreator\binaries\dll\bin-int\release\meshcreator_vs-2017.vcxprojassemblyreference.cache
c:\users\versus\desktop\tools\unitytool\meshcreator\projects\meshcreator_vs-2017\../../binaries/dll/bin/release\meshcreator_vs-2017.pdb
c:\users\versus\desktop\tools\unitytool\meshcreator\projects\meshcreator_vs-2017\../../binaries/dll/bin/release\meshcreator_vs-2017.dll
c:\users\versus\desktop\tools\unitytool\meshcreator\binaries\dll\bin-int\release\meshcrea.2931974a.tlog\cl.command.1.tlog
c:\users\versus\desktop\tools\unitytool\meshcreator\binaries\dll\bin-int\release\meshcrea.2931974a.tlog\cl.read.1.tlog
c:\users\versus\desktop\tools\unitytool\meshcreator\binaries\dll\bin-int\release\meshcrea.2931974a.tlog\cl.write.1.tlog
c:\users\versus\desktop\tools\unitytool\meshcreator\binaries\dll\bin-int\release\meshcrea.2931974a.tlog\link.command.1.tlog
c:\users\versus\desktop\tools\unitytool\meshcreator\binaries\dll\bin-int\release\meshcrea.2931974a.tlog\link.delete.1.tlog
c:\users\versus\desktop\tools\unitytool\meshcreator\binaries\dll\bin-int\release\meshcrea.2931974a.tlog\link.read.1.tlog
c:\users\versus\desktop\tools\unitytool\meshcreator\binaries\dll\bin-int\release\meshcrea.2931974a.tlog\link.write.1.tlog
c:\users\versus\desktop\tools\unitytool\meshcreator\binaries\dll\bin-int\release\meshcrea.2931974a.tlog\meshcreator_vs-2017.write.1u.tlog
c:\users\versus\desktop\tools\unitytool\meshcreator\binaries\dll\bin-int\release\meshcrea.2931974a.tlog\metagen.read.1.tlog
c:\users\versus\desktop\tools\unitytool\meshcreator\binaries\dll\bin-int\release\meshcrea.2931974a.tlog\metagen.write.1.tlog
